<?xml version="1.0" encoding="UTF-8" ?>
<testsuite tests="27" failures="12" name="TestSuite" time="88.066" errors="0" skipped="0">
  <properties>
[...]
</properties>
  <testcase classname="Tests.Register.Cases.KeyFlow.TestPositiveFlow" name="flowTest" time="5.967"/>
  <testcase classname="Tests.Register.Cases.Regresion.TestAcademySelection" name="validCredentials" time="4.003"/>
  <testcase classname="Tests.Register.Cases.Regresion.TestAcademySelectionMandatory" name="validCredentials" time="2.455"/>
  <testcase classname="Tests.Register.Cases.Regresion.TestAcademySelectionOnlyOne" name="validCredentials" time="2.689"/>
  <testcase classname="Tests.Register.Cases.Regresion.TestBiographyMandatory" name="validCredentials" time="2.07"/>
  <testcase classname="Tests.Register.Cases.Regresion.TestContinueRegistrationFourthForm" name="flowTest" time="5.619"/>
  <testcase classname="Tests.Register.Cases.Regresion.TestContinueRegistrationSecondForm" name="flowTest" time="4.19"/>
  <testcase classname="Tests.Register.Cases.Regresion.TestContinueRegistrationThirdForm" name="flowTest" time="4.512"/>
  <testcase classname="Tests.Register.Cases.Regresion.TestEmailInvalidDomain" name="validCredentials" time="2.152">
    <failure message="did not expect to find [true] but found [false]" type="java.lang.AssertionError">java.lang.AssertionError: did not expect to find [true] but found [false]
	at org.testng.Assert.fail(Assert.java:97)
	at org.testng.Assert.failNotEquals(Assert.java:969)
	at org.testng.Assert.assertTrue(Assert.java:43)
	at org.testng.Assert.assertTrue(Assert.java:53)
	at Tests.Register.Cases.Regresion.TestEmailInvalidDomain.validCredentials(TestEmailInvalidDomain.java:52)
</failure>
  </testcase>
  <testcase classname="Tests.Register.Cases.Regresion.TestEmailMandatory" name="validCredentials" time="2.069"/>
  <testcase classname="Tests.Register.Cases.Regresion.TestNameMandatory" name="validCredentials" time="2.13"/>
  <testcase classname="Tests.Register.Cases.Regresion.TestNextButton" name="validCredentials" time="3.835"/>
  <testcase classname="Tests.Register.Cases.Regresion.TestNSymbolsForSurname" name="validCredentials" time="2.736">
    <failure message="did not expect to find [true] but found [false]" type="java.lang.AssertionError">java.lang.AssertionError: did not expect to find [true] but found [false]
	at org.testng.Assert.fail(Assert.java:97)
	at org.testng.Assert.failNotEquals(Assert.java:969)
	at org.testng.Assert.assertTrue(Assert.java:43)
	at org.testng.Assert.assertTrue(Assert.java:53)
	at Tests.Register.Cases.Regresion.TestNSymbolsForSurname.validCredentials(TestNSymbolsForSurname.java:55)
</failure>
  </testcase>
  <testcase classname="Tests.Register.Cases.Regresion.TestNumbersForName" name="validCredentials" time="3.872">
    <failure message="did not expect to find [true] but found [false]" type="java.lang.AssertionError">java.lang.AssertionError: did not expect to find [true] but found [false]
	at org.testng.Assert.fail(Assert.java:97)
	at org.testng.Assert.failNotEquals(Assert.java:969)
	at org.testng.Assert.assertTrue(Assert.java:43)
	at org.testng.Assert.assertTrue(Assert.java:53)
	at Tests.Register.Cases.Regresion.TestNumbersForName.validCredentials(TestNumbersForName.java:53)
</failure>
  </testcase>
  <testcase classname="Tests.Register.Cases.Regresion.TestNumbersForSurname" name="validCredentials" time="2.288">
    <failure message="did not expect to find [true] but found [false]" type="java.lang.AssertionError">java.lang.AssertionError: did not expect to find [true] but found [false]
	at org.testng.Assert.fail(Assert.java:97)
	at org.testng.Assert.failNotEquals(Assert.java:969)
	at org.testng.Assert.assertTrue(Assert.java:43)
	at org.testng.Assert.assertTrue(Assert.java:53)
	at Tests.Register.Cases.Regresion.TestNumbersForSurname.validCredentials(TestNumbersForSurname.java:52)
</failure>
  </testcase>
  <testcase classname="Tests.Register.Cases.Regresion.TestPasswordLimit" name="validCredentials" time="3.933">
    <failure message="did not expect to find [true] but found [false]" type="java.lang.AssertionError">java.lang.AssertionError: did not expect to find [true] but found [false]
	at org.testng.Assert.fail(Assert.java:97)
	at org.testng.Assert.failNotEquals(Assert.java:969)
	at org.testng.Assert.assertTrue(Assert.java:43)
	at org.testng.Assert.assertTrue(Assert.java:53)
	at Tests.Register.Cases.Regresion.TestPasswordLimit.validCredentials(TestPasswordLimit.java:54)
</failure>
  </testcase>
  <testcase classname="Tests.Register.Cases.Regresion.TestPasswordMandatory" name="validCredentials" time="3.142"/>
  <testcase classname="Tests.Register.Cases.Regresion.TestSkillSelectLimit" name="validCredentials" time="6.879"/>
  <testcase classname="Tests.Register.Cases.Regresion.TestSkillSelectMin" name="validCredentials" time="5.147"/>
  <testcase classname="Tests.Register.Cases.Regresion.TestSurnameMandatory" name="validCredentials" time="2.11"/>
  <testcase classname="Tests.Register.Cases.Regresion.TestSymbolsForName" name="validCredentials" time="3.079">
    <failure message="did not expect to find [true] but found [false]" type="java.lang.AssertionError">java.lang.AssertionError: did not expect to find [true] but found [false]
	at org.testng.Assert.fail(Assert.java:97)
	at org.testng.Assert.failNotEquals(Assert.java:969)
	at org.testng.Assert.assertTrue(Assert.java:43)
	at org.testng.Assert.assertTrue(Assert.java:53)
	at Tests.Register.Cases.Regresion.TestSymbolsForName.validCredentials(TestSymbolsForName.java:55)
</failure>
  </testcase>
  <testcase classname="Tests.Register.Cases.Retesting.TestEmailInvalidDomain" name="validCredentials" time="2.155">
    <failure message="did not expect to find [true] but found [false]" type="java.lang.AssertionError">java.lang.AssertionError: did not expect to find [true] but found [false]
	at org.testng.Assert.fail(Assert.java:97)
	at org.testng.Assert.failNotEquals(Assert.java:969)
	at org.testng.Assert.assertTrue(Assert.java:43)
	at org.testng.Assert.assertTrue(Assert.java:53)
	at Tests.Register.Cases.Retesting.TestEmailInvalidDomain.validCredentials(TestEmailInvalidDomain.java:51)
</failure>
  </testcase>
  <testcase classname="Tests.Register.Cases.Retesting.TestNSymbolsForSurname" name="validCredentials" time="2.115">
    <failure message="did not expect to find [true] but found [false]" type="java.lang.AssertionError">java.lang.AssertionError: did not expect to find [true] but found [false]
	at org.testng.Assert.fail(Assert.java:97)
	at org.testng.Assert.failNotEquals(Assert.java:969)
	at org.testng.Assert.assertTrue(Assert.java:43)
	at org.testng.Assert.assertTrue(Assert.java:53)
	at Tests.Register.Cases.Retesting.TestNSymbolsForSurname.validCredentials(TestNSymbolsForSurname.java:52)
</failure>
  </testcase>
  <testcase classname="Tests.Register.Cases.Retesting.TestNumbersForName" name="validCredentials" time="2.109">
    <failure message="did not expect to find [true] but found [false]" type="java.lang.AssertionError">java.lang.AssertionError: did not expect to find [true] but found [false]
	at org.testng.Assert.fail(Assert.java:97)
	at org.testng.Assert.failNotEquals(Assert.java:969)
	at org.testng.Assert.assertTrue(Assert.java:43)
	at org.testng.Assert.assertTrue(Assert.java:53)
	at Tests.Register.Cases.Retesting.TestNumbersForName.validCredentials(TestNumbersForName.java:52)
</failure>
  </testcase>
  <testcase classname="Tests.Register.Cases.Retesting.TestNumbersForSurname" name="validCredentials" time="2.196">
    <failure message="did not expect to find [true] but found [false]" type="java.lang.AssertionError">java.lang.AssertionError: did not expect to find [true] but found [false]
	at org.testng.Assert.fail(Assert.java:97)
	at org.testng.Assert.failNotEquals(Assert.java:969)
	at org.testng.Assert.assertTrue(Assert.java:43)
	at org.testng.Assert.assertTrue(Assert.java:53)
	at Tests.Register.Cases.Retesting.TestNumbersForSurname.validCredentials(TestNumbersForSurname.java:52)
</failure>
  </testcase>
  <testcase classname="Tests.Register.Cases.Retesting.TestPasswordLimit" name="validCredentials" time="2.214">
    <failure message="did not expect to find [true] but found [false]" type="java.lang.AssertionError">java.lang.AssertionError: did not expect to find [true] but found [false]
	at org.testng.Assert.fail(Assert.java:97)
	at org.testng.Assert.failNotEquals(Assert.java:969)
	at org.testng.Assert.assertTrue(Assert.java:43)
	at org.testng.Assert.assertTrue(Assert.java:53)
	at Tests.Register.Cases.Retesting.TestPasswordLimit.validCredentials(TestPasswordLimit.java:53)
</failure>
  </testcase>
  <testcase classname="Tests.Register.Cases.Retesting.TestSymbolsForName" name="validCredentials" time="2.4">
    <failure message="did not expect to find [true] but found [false]" type="java.lang.AssertionError">java.lang.AssertionError: did not expect to find [true] but found [false]
	at org.testng.Assert.fail(Assert.java:97)
	at org.testng.Assert.failNotEquals(Assert.java:969)
	at org.testng.Assert.assertTrue(Assert.java:43)
	at org.testng.Assert.assertTrue(Assert.java:53)
	at Tests.Register.Cases.Retesting.TestSymbolsForName.validCredentials(TestSymbolsForName.java:54)
</failure>
  </testcase>
</testsuite>